[11:11:11] [main/INFO]: ModLauncher running: args [--username, LunchTrey41, --version, forge-36.2.35, --gameDir, D:\Games\Minecraft\Instances\All the Mods 6 - ATM6 - 1.16.5 (1), --assetsDir, D:\Games\Minecraft\Install\assets, --assetIndex, 1.16, --uuid, 04afefd54fb946d48ac6197e5551d359, --accessToken, ????????, --userType, msa, --versionType, release, --width, 1024, --height, 768, --launchTarget, fmlclient, --fml.forgeVersion, 36.2.35, --fml.mcVersion, 1.16.5, --fml.forgeGroup, net.minecraftforge, --fml.mcpVersion, 20210115.111550]
[11:11:11] [main/INFO]: ModLauncher 8.1.3+8.1.3+main-8.1.x.c94d18ec starting: java version 1.8.0_51 by Oracle Corporation
[11:11:11] [main/WARN]: LEGACY JDK DETECTED, SECURED JAR HANDLING DISABLED
[11:11:11] [main/INFO]: Added Lets Encrypt root certificates as additional trust
[11:11:11] [main/INFO]: SpongePowered MIXIN Subsystem Version=0.8.4 Source=file:/D:/Games/Minecraft/Install/libraries/org/spongepowered/mixin/0.8.4/mixin-0.8.4.jar Service=ModLauncher Env=CLIENT
[11:11:13] [main/INFO]: Launching target 'fmlclient' with arguments [--version, forge-36.2.35, --gameDir, D:\Games\Minecraft\Instances\All the Mods 6 - ATM6 - 1.16.5 (1), --assetsDir, D:\Games\Minecraft\Install\assets, --uuid, 04afefd54fb946d48ac6197e5551d359, --username, LunchTrey41, --assetIndex, 1.16, --accessToken, ????????, --userType, msa, --versionType, release, --width, 1024, --height, 768]
[11:11:17] [main/INFO]: Environment: authHost='https://authserver.mojang.com', accountsHost='https://api.mojang.com', sessionHost='https://sessionserver.mojang.com', servicesHost='https://api.minecraftservices.com', name='PROD'
[11:11:17] [main/INFO]: Setting user: LunchTrey41
[11:11:17] [main/INFO]: Backend library: LWJGL version 3.2.2 build 10
[11:11:18] [main/FATAL]: Error during pre-loading phase
net.minecraftforge.fml.ModLoadingException: fml.modloading.dupedmod
	at net.minecraftforge.fml.ModLoadingException.lambda$fromEarlyException$0(ModLoadingException.java:50) ~[?:?]
	at net.minecraftforge.fml.ModLoadingException$$Lambda$2905/284427775.apply(Unknown Source) ~[?:?]
	at java.util.stream.ReferencePipeline$3$1.accept(ReferencePipeline.java:193) ~[?:1.8.0_51]
	at java.util.ArrayList$ArrayListSpliterator.forEachRemaining(ArrayList.java:1374) ~[?:1.8.0_51]
	at java.util.stream.AbstractPipeline.copyInto(AbstractPipeline.java:512) ~[?:1.8.0_51]
	at java.util.stream.AbstractPipeline.wrapAndCopyInto(AbstractPipeline.java:502) ~[?:1.8.0_51]
	at java.util.stream.ForEachOps$ForEachOp.evaluateSequential(ForEachOps.java:151) ~[?:1.8.0_51]
	at java.util.stream.ForEachOps$ForEachOp$OfRef.evaluateSequential(ForEachOps.java:174) ~[?:1.8.0_51]
	at java.util.stream.AbstractPipeline.evaluate(AbstractPipeline.java:234) ~[?:1.8.0_51]
	at java.util.stream.ReferencePipeline.forEach(ReferencePipeline.java:418) ~[?:1.8.0_51]
	at java.util.stream.ReferencePipeline$7$1.accept(ReferencePipeline.java:270) ~[?:1.8.0_51]
	at java.util.ArrayList$ArrayListSpliterator.forEachRemaining(ArrayList.java:1374) ~[?:1.8.0_51]
	at java.util.stream.AbstractPipeline.copyInto(AbstractPipeline.java:512) ~[?:1.8.0_51]
	at java.util.stream.AbstractPipeline.wrapAndCopyInto(AbstractPipeline.java:502) ~[?:1.8.0_51]
	at java.util.stream.ReduceOps$ReduceOp.evaluateSequential(ReduceOps.java:708) ~[?:1.8.0_51]
	at java.util.stream.AbstractPipeline.evaluate(AbstractPipeline.java:234) ~[?:1.8.0_51]
	at java.util.stream.ReferencePipeline.collect(ReferencePipeline.java:499) ~[?:1.8.0_51]
	at net.minecraftforge.fml.ModLoader.<init>(ModLoader.java:106) ~[?:?]
	at net.minecraftforge.fml.ModLoader.get(ModLoader.java:140) [?:?]
	at net.minecraftforge.fml.client.ClientModLoader.lambda$begin$1(ClientModLoader.java:89) [?:?]
	at net.minecraftforge.fml.client.ClientModLoader$$Lambda$2902/30604162.run(Unknown Source) [?:?]
	at net.minecraftforge.fml.client.ClientModLoader.lambda$createRunnableWithCatch$4(ClientModLoader.java:109) [?:?]
	at net.minecraftforge.fml.client.ClientModLoader$$Lambda$2903/872699266.run(Unknown Source) [?:?]
	at net.minecraftforge.fml.client.ClientModLoader.begin(ClientModLoader.java:89) [?:?]
	at net.minecraft.client.Minecraft.<init>(Minecraft.java:437) [?:?]
	at net.minecraft.client.main.Main.main(Main.java:149) [?:?]
	at sun.reflect.NativeMethodAccessorImpl.invoke0(Native Method) ~[?:1.8.0_51]
	at sun.reflect.NativeMethodAccessorImpl.invoke(NativeMethodAccessorImpl.java:62) ~[?:1.8.0_51]
	at sun.reflect.DelegatingMethodAccessorImpl.invoke(DelegatingMethodAccessorImpl.java:43) ~[?:1.8.0_51]
	at java.lang.reflect.Method.invoke(Method.java:497) ~[?:1.8.0_51]
	at net.minecraftforge.fml.loading.FMLClientLaunchProvider.lambda$launchService$0(FMLClientLaunchProvider.java:37) [forge-1.16.5-36.2.35.jar:36.2]
	at net.minecraftforge.fml.loading.FMLClientLaunchProvider$$Lambda$420/1232819726.call(Unknown Source) [forge-1.16.5-36.2.35.jar:36.2]
	at cpw.mods.modlauncher.LaunchServiceHandlerDecorator.launch(LaunchServiceHandlerDecorator.java:37) [modlauncher-8.1.3.jar:?]
	at cpw.mods.modlauncher.LaunchServiceHandler.launch(LaunchServiceHandler.java:54) [modlauncher-8.1.3.jar:?]
	at cpw.mods.modlauncher.LaunchServiceHandler.launch(LaunchServiceHandler.java:72) [modlauncher-8.1.3.jar:?]
	at cpw.mods.modlauncher.Launcher.run(Launcher.java:82) [modlauncher-8.1.3.jar:?]
	at cpw.mods.modlauncher.Launcher.main(Launcher.java:66) [modlauncher-8.1.3.jar:?]
[11:11:18] [main/ERROR]: Cowardly refusing to send event net.minecraftforge.client.event.sound.SoundLoadEvent to a broken mod state
[11:11:18] [main/ERROR]: Cowardly refusing to send event net.minecraftforge.client.event.ColorHandlerEvent$Block to a broken mod state
[11:11:18] [main/ERROR]: Cowardly refusing to send event net.minecraftforge.client.event.ColorHandlerEvent$Item to a broken mod state
[11:11:18] [main/ERROR]: Cowardly refusing to send event net.minecraftforge.client.event.ParticleFactoryRegisterEvent to a broken mod state
[11:11:18] [main/INFO]: Narrator library for x64 successfully loaded
[11:11:18] [main/INFO]: Reloading ResourceManager: Default
[11:11:19] [Worker-Main-10/ERROR]: Cowardly refusing to send event net.minecraftforge.client.event.ModelRegistryEvent to a broken mod state
[11:11:19] [Worker-Main-12/ERROR]: Cowardly refusing to send event net.minecraftforge.client.event.TextureStitchEvent$Pre to a broken mod state
[11:11:19] [Worker-Main-8/ERROR]: Cowardly refusing to send event net.minecraftforge.client.event.TextureStitchEvent$Pre to a broken mod state
[11:11:19] [Worker-Main-11/ERROR]: Cowardly refusing to send event net.minecraftforge.client.event.TextureStitchEvent$Pre to a broken mod state
[11:11:20] [Worker-Main-10/ERROR]: Cowardly refusing to send event net.minecraftforge.client.event.TextureStitchEvent$Pre to a broken mod state
[11:11:20] [Worker-Main-10/ERROR]: Cowardly refusing to send event net.minecraftforge.client.event.TextureStitchEvent$Pre to a broken mod state
[11:11:20] [Worker-Main-10/ERROR]: Cowardly refusing to send event net.minecraftforge.client.event.TextureStitchEvent$Pre to a broken mod state
[11:11:20] [Worker-Main-10/ERROR]: Cowardly refusing to send event net.minecraftforge.client.event.TextureStitchEvent$Pre to a broken mod state
[11:11:20] [Worker-Main-10/ERROR]: Cowardly refusing to send event net.minecraftforge.client.event.TextureStitchEvent$Pre to a broken mod state
[11:11:20] [Worker-Main-10/ERROR]: Cowardly refusing to send event net.minecraftforge.client.event.TextureStitchEvent$Pre to a broken mod state
[11:11:20] [Worker-Main-10/ERROR]: Cowardly refusing to send event net.minecraftforge.client.event.TextureStitchEvent$Pre to a broken mod state
[11:11:20] [main/INFO]: OpenAL initialized.
[11:11:20] [main/INFO]: Sound engine started
[11:11:21] [main/INFO]: Created: 1024x512x4 minecraft:textures/atlas/blocks.png-atlas
[11:11:21] [main/ERROR]: Cowardly refusing to send event net.minecraftforge.client.event.TextureStitchEvent$Post to a broken mod state
[11:11:21] [main/INFO]: Created: 256x128x4 minecraft:textures/atlas/signs.png-atlas
[11:11:21] [main/ERROR]: Cowardly refusing to send event net.minecraftforge.client.event.TextureStitchEvent$Post to a broken mod state
[11:11:21] [main/INFO]: Created: 512x512x4 minecraft:textures/atlas/banner_patterns.png-atlas
[11:11:21] [main/ERROR]: Cowardly refusing to send event net.minecraftforge.client.event.TextureStitchEvent$Post to a broken mod state
[11:11:21] [main/INFO]: Created: 512x512x4 minecraft:textures/atlas/shield_patterns.png-atlas
[11:11:21] [main/ERROR]: Cowardly refusing to send event net.minecraftforge.client.event.TextureStitchEvent$Post to a broken mod state
[11:11:21] [main/INFO]: Created: 256x256x4 minecraft:textures/atlas/chest.png-atlas
[11:11:21] [main/ERROR]: Cowardly refusing to send event net.minecraftforge.client.event.TextureStitchEvent$Post to a broken mod state
[11:11:21] [main/INFO]: Created: 512x256x4 minecraft:textures/atlas/beds.png-atlas
[11:11:21] [main/ERROR]: Cowardly refusing to send event net.minecraftforge.client.event.TextureStitchEvent$Post to a broken mod state
[11:11:21] [main/INFO]: Created: 512x256x4 minecraft:textures/atlas/shulker_boxes.png-atlas
[11:11:21] [main/ERROR]: Cowardly refusing to send event net.minecraftforge.client.event.TextureStitchEvent$Post to a broken mod state
[11:11:21] [main/ERROR]: Cowardly refusing to send event net.minecraftforge.client.event.ModelBakeEvent to a broken mod state
[11:11:21] [main/INFO]: Created: 256x256x0 minecraft:textures/atlas/particles.png-atlas
[11:11:21] [main/ERROR]: Cowardly refusing to send event net.minecraftforge.client.event.TextureStitchEvent$Post to a broken mod state
[11:11:21] [main/INFO]: Created: 256x256x0 minecraft:textures/atlas/paintings.png-atlas
[11:11:21] [main/ERROR]: Cowardly refusing to send event net.minecraftforge.client.event.TextureStitchEvent$Post to a broken mod state
[11:11:21] [main/INFO]: Created: 128x128x0 minecraft:textures/atlas/mob_effects.png-atlas
[11:11:21] [main/ERROR]: Cowardly refusing to send event net.minecraftforge.client.event.TextureStitchEvent$Post to a broken mod state
[11:11:21] [main/INFO]: [net.minecraft.crash.CrashReport:func_85057_a:196]: Negative index in crash report handler (23/26)
[11:11:21] [main/FATAL]: Crash report saved to D:\Games\Minecraft\Instances\All the Mods 6 - ATM6 - 1.16.5 (1)\crash-reports\crash-2022-07-14_11.11.21-fml.txt
